<?xml version="1.0" encoding="UTF-8"?>
<!-- Generated by org.testng.reporters.JUnitReportReporter -->
<testsuite hostname="PK-test-2.home" failures="0" tests="1" name="qa.TestMethods.HomePageTest" time="20.762" errors="0" timestamp="2023-08-14T08:14:57 CEST" skipped="0">
  <testcase classname="qa.TestMethods.HomePageTest" name="enterSearchText" time="20.762"/>
</testsuite> <!-- qa.TestMethods.HomePageTest -->
